Picked up JAVA_TOOL_OPTIONS: -Dfile.encoding=UTF-8
[INFO] Scanning for projects...
[INFO] 
[INFO] --------------------------< com.npc2048:dns >---------------------------
[INFO] Building dns 0.0.1-SNAPSHOT
[INFO] --------------------------------[ jar ]---------------------------------
[INFO] 
[INFO] >>> spring-boot-maven-plugin:4.0.0:run (default-cli) > test-compile @ dns >>>
[INFO] 
[INFO] --- maven-resources-plugin:3.3.1:resources (default-resources) @ dns ---
[INFO] Copying 1 resource from src\main\resources to target\classes
[INFO] Copying 2 resources from src\main\resources to target\classes
[INFO] 
[INFO] --- maven-compiler-plugin:3.14.1:compile (default-compile) @ dns ---
[INFO] Recompiling the module because of changed source code.
[INFO] Compiling 34 source files with javac [debug parameters release 21] to target\classes
[INFO] /G:/Projects/dns-server/dns-backend/src/main/java/com/npc2048/dns/network/NettyDnsServer.java: G:\Projects\dns-server\dns-backend\src\main\java\com\npc2048\dns\network\NettyDnsServer.java π”√ªÚ∏≤∏«¡À“—π˝ ±µƒ API°£
[INFO] /G:/Projects/dns-server/dns-backend/src/main/java/com/npc2048/dns/network/NettyDnsServer.java: ”–πÿœÍœ∏–≈œ¢, «Î π”√ -Xlint:deprecation ÷ÿ–¬±‡“Î°£
[INFO] 
[INFO] --- maven-resources-plugin:3.3.1:testResources (default-testResources) @ dns ---
[INFO] skip non existing resourceDirectory G:\Projects\dns-server\dns-backend\src\test\resources
[INFO] 
[INFO] --- maven-compiler-plugin:3.14.1:testCompile (default-testCompile) @ dns ---
[INFO] Recompiling the module because of changed dependency.
[INFO] Compiling 1 source file with javac [debug parameters release 21] to target\test-classes
[INFO] 
[INFO] <<< spring-boot-maven-plugin:4.0.0:run (default-cli) < test-compile @ dns <<<
[INFO] 
[INFO] 
[INFO] --- spring-boot-maven-plugin:4.0.0:run (default-cli) @ dns ---
[INFO] Attaching agents: []
Picked up JAVA_TOOL_OPTIONS: -Dfile.encoding=UTF-8

  .   ____          _            __ _ _
 /\\ / ___'_ __ _ _(_)_ __  __ _ \ \ \ \
( ( )\___ | '_ | '_| | '_ \/ _` | \ \ \ \
 \\/  ___)| |_)| | | | | || (_| |  ) ) ) )
  '  |____| .__|_| |_|_| |_\__, | / / / /
 =========|_|==============|___/=/_/_/_/

 :: Spring Boot ::                (v4.0.0)

2025-12-22T22:12:45.271+08:00  INFO 27116 --- [dns-server] [           main] com.npc2048.dns.DnsApplication           : Starting DnsApplication using Java 23.0.2 with PID 27116 (G:\Projects\dns-server\dns-backend\target\classes started by yuelong.liang in G:\Projects\dns-server\dns-backend)
2025-12-22T22:12:45.274+08:00 DEBUG 27116 --- [dns-server] [           main] com.npc2048.dns.DnsApplication           : Running with Spring Boot v4.0.0, Spring v7.0.1
2025-12-22T22:12:45.274+08:00  INFO 27116 --- [dns-server] [           main] com.npc2048.dns.DnsApplication           : No active profile set, falling back to 1 default profile: "default"
2025-12-22T22:12:45.754+08:00  INFO 27116 --- [dns-server] [           main] .s.d.r.c.RepositoryConfigurationDelegate : Bootstrapping Spring Data JPA repositories in DEFAULT mode.
2025-12-22T22:12:45.810+08:00  INFO 27116 --- [dns-server] [           main] .s.d.r.c.RepositoryConfigurationDelegate : Finished Spring Data repository scanning in 48 ms. Found 4 JPA repository interfaces.
2025-12-22T22:12:46.195+08:00  INFO 27116 --- [dns-server] [           main] o.s.boot.tomcat.TomcatWebServer          : Tomcat initialized with port 5381 (http)
2025-12-22T22:12:46.208+08:00  INFO 27116 --- [dns-server] [           main] o.apache.catalina.core.StandardService   : Starting service [Tomcat]
2025-12-22T22:12:46.208+08:00  INFO 27116 --- [dns-server] [           main] o.apache.catalina.core.StandardEngine    : Starting Servlet engine: [Apache Tomcat/11.0.14]
2025-12-22T22:12:46.256+08:00  INFO 27116 --- [dns-server] [           main] b.w.c.s.WebApplicationContextInitializer : Root WebApplicationContext: initialization completed in 943 ms
2025-12-22T22:12:46.375+08:00  INFO 27116 --- [dns-server] [           main] o.hibernate.jpa.internal.util.LogHelper  : HHH000204: Processing PersistenceUnitInfo [name: default]
2025-12-22T22:12:46.413+08:00  INFO 27116 --- [dns-server] [           main] org.hibernate.Version                    : HHH000412: Hibernate ORM core version 7.1.8.Final
2025-12-22T22:12:46.767+08:00  INFO 27116 --- [dns-server] [           main] o.s.o.j.p.SpringPersistenceUnitInfo      : No LoadTimeWeaver setup: ignoring JPA class transformer
2025-12-22T22:12:46.794+08:00  INFO 27116 --- [dns-server] [           main] com.zaxxer.hikari.HikariDataSource       : HikariPool-1 - Starting...
2025-12-22T22:12:46.931+08:00  INFO 27116 --- [dns-server] [           main] com.zaxxer.hikari.pool.HikariPool        : HikariPool-1 - Added connection conn0: url=jdbc:h2:mem:dns-h2 user=SA
2025-12-22T22:12:46.932+08:00  INFO 27116 --- [dns-server] [           main] com.zaxxer.hikari.HikariDataSource       : HikariPool-1 - Start completed.
2025-12-22T22:12:46.952+08:00  WARN 27116 --- [dns-server] [           main] org.hibernate.orm.deprecation            : HHH90000025: H2Dialect does not need to be specified explicitly using 'hibernate.dialect' (remove the property setting and it will be selected by default)
2025-12-22T22:12:46.970+08:00  INFO 27116 --- [dns-server] [           main] org.hibernate.orm.connections.pooling    : HHH10001005: Database info:
	Database JDBC URL [jdbc:h2:mem:dns-h2]
	Database driver: H2 JDBC Driver
	Database dialect: H2Dialect
	Database version: 2.4.240
	Default catalog/schema: DNS-H2/PUBLIC
	Autocommit mode: undefined/unknown
	Isolation level: READ_COMMITTED [default READ_COMMITTED]
	JDBC fetch size: 100
	Pool: DatasourceConnectionProviderImpl
	Minimum pool size: undefined/unknown
	Maximum pool size: undefined/unknown
2025-12-22T22:12:47.785+08:00  INFO 27116 --- [dns-server] [           main] o.h.e.t.j.p.i.JtaPlatformInitiator       : HHH000489: No JTA platform available (set 'hibernate.transaction.jta.platform' to enable JTA platform integration)
2025-12-22T22:12:47.819+08:00  WARN 27116 --- [dns-server] [           main] o.h.t.s.i.ExceptionHandlerLoggedImpl     : GenerationTarget encountered exception accepting command : Error executing DDL "
    create table dns_config (
        updated_time bigint,
        key varchar(100) not null,
        value CLOB,
        primary key (key)
    )" via JDBC [Syntax error in SQL statement "\000d\000a    create table dns_config (\000d\000a        updated_time bigint,\000d\000a        [*]key varchar(100) not null,\000d\000a        value CLOB,\000d\000a        primary key (key)\000d\000a    )"; expected "identifier";]

org.hibernate.tool.schema.spi.CommandAcceptanceException: Error executing DDL "
    create table dns_config (
        updated_time bigint,
        key varchar(100) not null,
        value CLOB,
        primary key (key)
    )" via JDBC [Syntax error in SQL statement "\000d\000a    create table dns_config (\000d\000a        updated_time bigint,\000d\000a        [*]key varchar(100) not null,\000d\000a        value CLOB,\000d\000a        primary key (key)\000d\000a    )"; expected "identifier";]
	at org.hibernate.tool.schema.internal.exec.GenerationTargetToDatabase.accept(GenerationTargetToDatabase.java:93) ~[hibernate-core-7.1.8.Final.jar:7.1.8.Final]
	at org.hibernate.tool.schema.internal.Helper.applySqlString(Helper.java:222) ~[hibernate-core-7.1.8.Final.jar:7.1.8.Final]
	at org.hibernate.tool.schema.internal.Helper.applySqlStrings(Helper.java:208) ~[hibernate-core-7.1.8.Final.jar:7.1.8.Final]
	at org.hibernate.tool.schema.internal.SchemaCreatorImpl.createTables(SchemaCreatorImpl.java:417) ~[hibernate-core-7.1.8.Final.jar:7.1.8.Final]
	at org.hibernate.tool.schema.internal.SchemaCreatorImpl.createSequencesTablesConstraints(SchemaCreatorImpl.java:333) ~[hibernate-core-7.1.8.Final.jar:7.1.8.Final]
	at org.hibernate.tool.schema.internal.SchemaCreatorImpl.createFromMetadata(SchemaCreatorImpl.java:228) ~[hibernate-core-7.1.8.Final.jar:7.1.8.Final]
	at org.hibernate.tool.schema.internal.SchemaCreatorImpl.performCreation(SchemaCreatorImpl.java:160) ~[hibernate-core-7.1.8.Final.jar:7.1.8.Final]
	at org.hibernate.tool.schema.internal.SchemaCreatorImpl.doCreation(SchemaCreatorImpl.java:130) ~[hibernate-core-7.1.8.Final.jar:7.1.8.Final]
	at org.hibernate.tool.schema.internal.SchemaCreatorImpl.doCreation(SchemaCreatorImpl.java:106) ~[hibernate-core-7.1.8.Final.jar:7.1.8.Final]
	at org.hibernate.tool.schema.spi.SchemaManagementToolCoordinator.performDatabaseAction(SchemaManagementToolCoordinator.java:237) ~[hibernate-core-7.1.8.Final.jar:7.1.8.Final]
	at org.hibernate.tool.schema.spi.SchemaManagementToolCoordinator.lambda$process$5(SchemaManagementToolCoordinator.java:142) ~[hibernate-core-7.1.8.Final.jar:7.1.8.Final]
	at java.base/java.util.HashMap.forEach(HashMap.java:1430) ~[na:na]
	at org.hibernate.tool.schema.spi.SchemaManagementToolCoordinator.process(SchemaManagementToolCoordinator.java:139) ~[hibernate-core-7.1.8.Final.jar:7.1.8.Final]
	at org.hibernate.boot.internal.SessionFactoryObserverForSchemaExport.sessionFactoryCreated(SessionFactoryObserverForSchemaExport.java:35) ~[hibernate-core-7.1.8.Final.jar:7.1.8.Final]
	at org.hibernate.internal.SessionFactoryObserverChain.sessionFactoryCreated(SessionFactoryObserverChain.java:33) ~[hibernate-core-7.1.8.Final.jar:7.1.8.Final]
	at org.hibernate.internal.SessionFactoryImpl.<init>(SessionFactoryImpl.java:350) ~[hibernate-core-7.1.8.Final.jar:7.1.8.Final]
	at org.hibernate.boot.internal.SessionFactoryBuilderImpl.build(SessionFactoryBuilderImpl.java:436) ~[hibernate-core-7.1.8.Final.jar:7.1.8.Final]
	at org.hibernate.jpa.boot.internal.EntityManagerFactoryBuilderImpl.build(EntityManagerFactoryBuilderImpl.java:1459) ~[hibernate-core-7.1.8.Final.jar:7.1.8.Final]
	at org.springframework.orm.jpa.vendor.SpringHibernateJpaPersistenceProvider.createContainerEntityManagerFactory(SpringHibernateJpaPersistenceProvider.java:66) ~[spring-orm-7.0.1.jar:7.0.1]
	at org.springframework.orm.jpa.LocalContainerEntityManagerFactoryBean.createNativeEntityManagerFactory(LocalContainerEntityManagerFactoryBean.java:433) ~[spring-orm-7.0.1.jar:7.0.1]
	at org.springframework.orm.jpa.AbstractEntityManagerFactoryBean.buildNativeEntityManagerFactory(AbstractEntityManagerFactoryBean.java:416) ~[spring-orm-7.0.1.jar:7.0.1]
	at org.springframework.orm.jpa.AbstractEntityManagerFactoryBean.afterPropertiesSet(AbstractEntityManagerFactoryBean.java:396) ~[spring-orm-7.0.1.jar:7.0.1]
	at org.springframework.orm.jpa.LocalContainerEntityManagerFactoryBean.afterPropertiesSet(LocalContainerEntityManagerFactoryBean.java:409) ~[spring-orm-7.0.1.jar:7.0.1]
	at org.springframework.beans.factory.support.AbstractAutowireCapableBeanFactory.invokeInitMethods(AbstractAutowireCapableBeanFactory.java:1864) ~[spring-beans-7.0.1.jar:7.0.1]
	at org.springframework.beans.factory.support.AbstractAutowireCapableBeanFactory.initializeBean(AbstractAutowireCapableBeanFactory.java:1813) ~[spring-beans-7.0.1.jar:7.0.1]
	at org.springframework.beans.factory.support.AbstractAutowireCapableBeanFactory.doCreateBean(AbstractAutowireCapableBeanFactory.java:603) ~[spring-beans-7.0.1.jar:7.0.1]
	at org.springframework.beans.factory.support.AbstractAutowireCapableBeanFactory.createBean(AbstractAutowireCapableBeanFactory.java:525) ~[spring-beans-7.0.1.jar:7.0.1]
	at org.springframework.beans.factory.support.AbstractBeanFactory.lambda$doGetBean$0(AbstractBeanFactory.java:333) ~[spring-beans-7.0.1.jar:7.0.1]
	at org.springframework.beans.factory.support.DefaultSingletonBeanRegistry.getSingleton(DefaultSingletonBeanRegistry.java:371) ~[spring-beans-7.0.1.jar:7.0.1]
	at org.springframework.beans.factory.support.AbstractBeanFactory.doGetBean(AbstractBeanFactory.java:331) ~[spring-beans-7.0.1.jar:7.0.1]
	at org.springframework.beans.factory.support.AbstractBeanFactory.getBean(AbstractBeanFactory.java:201) ~[spring-beans-7.0.1.jar:7.0.1]
	at org.springframework.context.support.AbstractApplicationContext.finishBeanFactoryInitialization(AbstractApplicationContext.java:966) ~[spring-context-7.0.1.jar:7.0.1]
	at org.springframework.context.support.AbstractApplicationContext.refresh(AbstractApplicationContext.java:620) ~[spring-context-7.0.1.jar:7.0.1]
	at org.springframework.boot.web.server.servlet.context.ServletWebServerApplicationContext.refresh(ServletWebServerApplicationContext.java:143) ~[spring-boot-web-server-4.0.0.jar:4.0.0]
	at org.springframework.boot.SpringApplication.refresh(SpringApplication.java:765) ~[spring-boot-4.0.0.jar:4.0.0]
	at org.springframework.boot.SpringApplication.refreshContext(SpringApplication.java:454) ~[spring-boot-4.0.0.jar:4.0.0]
	at org.springframework.boot.SpringApplication.run(SpringApplication.java:321) ~[spring-boot-4.0.0.jar:4.0.0]
	at org.springframework.boot.SpringApplication.run(SpringApplication.java:1374) ~[spring-boot-4.0.0.jar:4.0.0]
	at org.springframework.boot.SpringApplication.run(SpringApplication.java:1363) ~[spring-boot-4.0.0.jar:4.0.0]
	at com.npc2048.dns.DnsApplication.main(DnsApplication.java:15) ~[classes/:na]
Caused by: org.h2.jdbc.JdbcSQLSyntaxErrorException: Syntax error in SQL statement "\000d\000a    create table dns_config (\000d\000a        updated_time bigint,\000d\000a        [*]key varchar(100) not null,\000d\000a        value CLOB,\000d\000a        primary key (key)\000d\000a    )"; expected "identifier"; SQL statement:

    create table dns_config (
        updated_time bigint,
        key varchar(100) not null,
        value CLOB,
        primary key (key)
    ) [42001-240]
	at org.h2.message.DbException.getJdbcSQLException(DbException.java:514) ~[h2-2.4.240.jar:2.4.240]
	at org.h2.message.DbException.getJdbcSQLException(DbException.java:489) ~[h2-2.4.240.jar:2.4.240]
	at org.h2.message.DbException.getSyntaxError(DbException.java:261) ~[h2-2.4.240.jar:2.4.240]
	at org.h2.command.Parser.readIdentifier(Parser.java:5568) ~[h2-2.4.240.jar:2.4.240]
	at org.h2.command.Parser.parseTableColumnDefinition(Parser.java:8978) ~[h2-2.4.240.jar:2.4.240]
	at org.h2.command.Parser.parseCreateTable(Parser.java:8926) ~[h2-2.4.240.jar:2.4.240]
	at org.h2.command.Parser.parseCreate(Parser.java:6483) ~[h2-2.4.240.jar:2.4.240]
	at org.h2.command.Parser.parsePrepared(Parser.java:648) ~[h2-2.4.240.jar:2.4.240]
	at org.h2.command.Parser.parse(Parser.java:584) ~[h2-2.4.240.jar:2.4.240]
	at org.h2.command.Parser.parse(Parser.java:559) ~[h2-2.4.240.jar:2.4.240]
	at org.h2.command.Parser.prepareCommand(Parser.java:487) ~[h2-2.4.240.jar:2.4.240]
	at org.h2.engine.SessionLocal.prepareLocal(SessionLocal.java:647) ~[h2-2.4.240.jar:2.4.240]
	at org.h2.engine.SessionLocal.prepareCommand(SessionLocal.java:563) ~[h2-2.4.240.jar:2.4.240]
	at org.h2.jdbc.JdbcConnection.prepareCommand(JdbcConnection.java:1160) ~[h2-2.4.240.jar:2.4.240]
	at org.h2.jdbc.JdbcStatement.executeInternal(JdbcStatement.java:245) ~[h2-2.4.240.jar:2.4.240]
	at org.h2.jdbc.JdbcStatement.execute(JdbcStatement.java:231) ~[h2-2.4.240.jar:2.4.240]
	at com.zaxxer.hikari.pool.ProxyStatement.execute(ProxyStatement.java:95) ~[HikariCP-7.0.2.jar:na]
	at com.zaxxer.hikari.pool.HikariProxyStatement.execute(HikariProxyStatement.java) ~[HikariCP-7.0.2.jar:na]
	at org.hibernate.tool.schema.internal.exec.GenerationTargetToDatabase.accept(GenerationTargetToDatabase.java:79) ~[hibernate-core-7.1.8.Final.jar:7.1.8.Final]
	... 39 common frames omitted

2025-12-22T22:12:47.828+08:00  INFO 27116 --- [dns-server] [           main] j.LocalContainerEntityManagerFactoryBean : Initialized JPA EntityManagerFactory for persistence unit 'default'
2025-12-22T22:12:47.902+08:00  INFO 27116 --- [dns-server] [           main] o.s.d.j.r.query.QueryEnhancerFactories   : Hibernate is in classpath; If applicable, HQL parser will be used.
2025-12-22T22:12:48.483+08:00  WARN 27116 --- [dns-server] [           main] JpaBaseConfiguration$JpaWebConfiguration : spring.jpa.open-in-view is enabled by default. Therefore, database queries may be performed during view rendering. Explicitly configure spring.jpa.open-in-view to disable this warning
2025-12-22T22:12:48.598+08:00 DEBUG 27116 --- [dns-server] [           main] s.w.s.m.m.a.RequestMappingHandlerMapping : 19 mappings in 'requestMappingHandlerMapping'
2025-12-22T22:12:48.617+08:00 DEBUG 27116 --- [dns-server] [           main] o.s.w.s.handler.SimpleUrlHandlerMapping  : Patterns [/webjars/**, /**] in 'resourceHandlerMapping'
2025-12-22T22:12:48.635+08:00 DEBUG 27116 --- [dns-server] [           main] s.w.s.m.m.a.RequestMappingHandlerAdapter : ControllerAdvice beans: 0 @ModelAttribute, 0 @InitBinder, 1 RequestBodyAdvice, 1 ResponseBodyAdvice
2025-12-22T22:12:48.669+08:00 DEBUG 27116 --- [dns-server] [           main] .m.m.a.ExceptionHandlerExceptionResolver : ControllerAdvice beans: 1 @ExceptionHandler, 1 ResponseBodyAdvice
____ ____    ___ ____ _  _ ____ _  _ 
[__  |__| __  |  |  | |_/  |___ |\ | 
___] |  |     |  |__| | \_ |___ | \| 
https://sa-token.cc (v1.44.0)
[32mSA [INFO] -->: »´æ÷≈‰÷√ SaTokenConfig [tokenName=satoken, timeout=2592000, activeTimeout=-1, dynamicActiveTimeout=false, isConcurrent=true, isShare=true, replacedRange=CURR_DEVICE_TYPE, maxLoginCount=12, overflowLogoutMode=LOGOUT, maxTryTimes=12, isReadBody=true, isReadHeader=true, isReadCookie=true, isLastingCookie=true, isWriteHeader=false, logoutRange=TOKEN, isLogoutKeepFreezeOps=false, isLogoutKeepTokenSession=false, rightNowCreateTokenSession=false, tokenStyle=uuid, dataRefreshPeriod=30, tokenSessionCheckLogin=true, autoRenew=true, tokenPrefix=null, cookieAutoFillPrefix=false, isPrint=true, isLog=true, logLevel=trace, logLevelInt=1, isColorLog=true, jwtSecretKey=null, httpBasic=, httpDigest=, currDomain=null, sameTokenTimeout=86400, checkSameToken=false, cookie=SaCookieConfig [domain=null, path=null, secure=false, httpOnly=false, sameSite=null, extraAttrs={}]] [39m
[32mSA [INFO] -->: SPI plugin loading start ...[39m
[32mSA [INFO] -->: »´æ÷◊Èº˛ SaJsonTemplate ‘ÿ»Î≥…π¶: cn.dev33.satoken.json.SaJsonTemplateForJackson[39m
[32mSA [INFO] -->: SPI plugin loading end ...[39m
2025-12-22T22:12:48.784+08:00  INFO 27116 --- [dns-server] [           main] o.s.boot.tomcat.TomcatWebServer          : Tomcat started on port 5381 (http) with context path '/'
2025-12-22T22:12:48.788+08:00  INFO 27116 --- [dns-server] [           main] com.npc2048.dns.DnsApplication           : Started DnsApplication in 3.878 seconds (process running for 4.228)
2025-12-22T22:12:48.931+08:00  INFO 27116 --- [dns-server] [           main] com.npc2048.dns.network.NettyDnsServer   : Netty DNSÊúçÂä°Âô®ÂêØÂä®ÊàêÂäüÔºåÁõëÂê¨Á´ØÂè£: 5354
2025-12-22T22:12:48.931+08:00  INFO 27116 --- [dns-server] [           main] com.npc2048.dns.network.NettyDnsServer   : ‰∏äÊ∏∏ DNS ÈÖçÁΩÆ: [UpstreamDnsConfig(address=8.8.8.8, port=53, timeout=5000, useProxy=false, proxyConfig=null, enabled=true, priority=1), UpstreamDnsConfig(address=8.8.4.4, port=53, timeout=5000, useProxy=false, proxyConfig=null, enabled=true, priority=2), UpstreamDnsConfig(address=114.114.114.114, port=53, timeout=5000, useProxy=false, proxyConfig=null, enabled=true, priority=3)]
2025-12-22T22:15:14.921+08:00  INFO 27116 --- [dns-server] [nio-5381-exec-1] o.a.c.c.C.[Tomcat].[localhost].[/]       : Initializing Spring DispatcherServlet 'dispatcherServlet'
2025-12-22T22:15:14.922+08:00  INFO 27116 --- [dns-server] [nio-5381-exec-1] o.s.web.servlet.DispatcherServlet        : Initializing Servlet 'dispatcherServlet'
2025-12-22T22:15:14.922+08:00 DEBUG 27116 --- [dns-server] [nio-5381-exec-1] o.s.web.servlet.DispatcherServlet        : Detected StandardServletMultipartResolver
2025-12-22T22:15:14.922+08:00 DEBUG 27116 --- [dns-server] [nio-5381-exec-1] o.s.web.servlet.DispatcherServlet        : Detected AcceptHeaderLocaleResolver
2025-12-22T22:15:14.923+08:00 DEBUG 27116 --- [dns-server] [nio-5381-exec-1] o.s.web.servlet.DispatcherServlet        : Detected org.springframework.web.servlet.view.DefaultRequestToViewNameTranslator@3d3a3738
2025-12-22T22:15:14.923+08:00 DEBUG 27116 --- [dns-server] [nio-5381-exec-1] o.s.web.servlet.DispatcherServlet        : Detected org.springframework.web.servlet.support.SessionFlashMapManager@53bc8c7e
2025-12-22T22:15:14.923+08:00 DEBUG 27116 --- [dns-server] [nio-5381-exec-1] o.s.web.servlet.DispatcherServlet        : enableLoggingRequestDetails='false': request parameters and headers will be masked to prevent unsafe logging of potentially sensitive data
2025-12-22T22:15:14.923+08:00  INFO 27116 --- [dns-server] [nio-5381-exec-1] o.s.web.servlet.DispatcherServlet        : Completed initialization in 1 ms
2025-12-22T22:15:14.933+08:00 DEBUG 27116 --- [dns-server] [nio-5381-exec-1] o.s.web.servlet.DispatcherServlet        : POST "/api/auth/login", parameters={}
2025-12-22T22:15:14.943+08:00 DEBUG 27116 --- [dns-server] [nio-5381-exec-1] s.w.s.m.m.a.RequestMappingHandlerMapping : Mapped to com.npc2048.dns.controller.AuthController#login(HttpServletRequest, LoginRequest)
2025-12-22T22:15:15.004+08:00 DEBUG 27116 --- [dns-server] [nio-5381-exec-1] m.m.a.RequestResponseBodyMethodProcessor : Read "application/json;charset=UTF-8" to [LoginRequest(username=admin, password=admin123)]
[32mSA [INFO] -->: SaSession [satoken:login:session:admin] ¥¥Ω®≥…π¶[39m
[32mSA [INFO] -->: ’À∫≈ admin µ«¬º≥…π¶ (loginType=login), ª·ª∞∆æ÷§ token=ff3a36c3-504f-4ff6-b01e-04952ccfd269[39m
2025-12-22T22:15:15.013+08:00  INFO 27116 --- [dns-server] [nio-5381-exec-1] com.npc2048.dns.service.AuthService      : tokenInfo: SaTokenInfo [tokenName=satoken, tokenValue=ff3a36c3-504f-4ff6-b01e-04952ccfd269, isLogin=true, loginId=admin, loginType=login, tokenTimeout=2591999, sessionTimeout=2591999, tokenSessionTimeout=-2, tokenActiveTimeout=-1, loginDeviceType=DEF, tag=null]
2025-12-22T22:15:15.013+08:00  INFO 27116 --- [dns-server] [nio-5381-exec-1] com.npc2048.dns.service.AuthService      : Áî®Êà∑ÁôªÂΩïÊàêÂäü: admin, ÁÆ°ÁêÜÂëò: true
2025-12-22T22:15:15.017+08:00 DEBUG 27116 --- [dns-server] [nio-5381-exec-1] m.m.a.RequestResponseBodyMethodProcessor : Using 'application/json', given [*/*] and supported [application/json, application/*+json]
2025-12-22T22:15:15.019+08:00 DEBUG 27116 --- [dns-server] [nio-5381-exec-1] m.m.a.RequestResponseBodyMethodProcessor : Writing [{"code": 200, "msg": "ok", "data": LoginResponse(token=ff3a36c3-504f-4ff6-b01e-04952ccfd269, usernam (truncated)...]
2025-12-22T22:15:15.050+08:00 DEBUG 27116 --- [dns-server] [nio-5381-exec-1] o.s.web.servlet.DispatcherServlet        : Completed 200 OK
2025-12-22T22:15:49.500+08:00 DEBUG 27116 --- [dns-server] [nio-5381-exec-2] o.s.web.servlet.DispatcherServlet        : GET "/dns/config", parameters={}
2025-12-22T22:15:49.500+08:00 DEBUG 27116 --- [dns-server] [nio-5381-exec-2] s.w.s.m.m.a.RequestMappingHandlerMapping : Mapped to com.npc2048.dns.controller.DnsConfigController#getConfig()
2025-12-22T22:15:49.501+08:00 DEBUG 27116 --- [dns-server] [nio-5381-exec-2] m.m.a.RequestResponseBodyMethodProcessor : Using 'application/json', given [*/*] and supported [application/json, application/*+json]
2025-12-22T22:15:49.502+08:00 DEBUG 27116 --- [dns-server] [nio-5381-exec-2] m.m.a.RequestResponseBodyMethodProcessor : Writing [{"code": 200, "msg": "ok", "data": {cacheMaxWeight=10485760, cacheRebuildStrategy=CLEAR, cacheEnable (truncated)...]
2025-12-22T22:15:49.504+08:00 DEBUG 27116 --- [dns-server] [nio-5381-exec-2] o.s.web.servlet.DispatcherServlet        : Completed 200 OK
2025-12-22T22:16:22.702+08:00 DEBUG 27116 --- [dns-server] [nio-5381-exec-4] o.s.web.servlet.DispatcherServlet        : POST "/dns/query", parameters={}
2025-12-22T22:16:22.703+08:00 DEBUG 27116 --- [dns-server] [nio-5381-exec-4] s.w.s.m.m.a.RequestMappingHandlerMapping : Mapped to com.npc2048.dns.controller.DnsConfigController#queryDns(Map)
2025-12-22T22:16:22.711+08:00 DEBUG 27116 --- [dns-server] [nio-5381-exec-4] m.m.a.RequestResponseBodyMethodProcessor : Read "application/json;charset=UTF-8" to [{domain=google.com}]
2025-12-22T22:16:22.752+08:00 DEBUG 27116 --- [dns-server] [nio-5381-exec-4] c.n.d.service.impl.CaffeineCacheService  : ÁºìÂ≠òÊú™ÂëΩ‰∏≠: google.com:A
2025-12-22T22:16:22.753+08:00 DEBUG 27116 --- [dns-server] [nio-5381-exec-4] com.npc2048.dns.service.DnsForwarder     : ËΩ¨ÂèëÊü•ËØ¢Âà∞‰∏äÊ∏∏ DNS: 8.8.8.8:53 (‰ª£ÁêÜ: false)
2025-12-22T22:16:22.762+08:00 DEBUG 27116 --- [dns-server] [nio-5381-exec-4] com.npc2048.dns.service.DnsForwarder     : ‰ªé‰∏äÊ∏∏ DNS Êî∂Âà∞ÂìçÂ∫î: 44 Â≠óËäÇ
2025-12-22T22:16:22.765+08:00 DEBUG 27116 --- [dns-server] [nio-5381-exec-4] c.n.d.service.impl.CaffeineCacheService  : ÁºìÂ≠òÂ≠òÂÇ®: google.com:A TTL:3600Áßí
2025-12-22T22:16:22.765+08:00 DEBUG 27116 --- [dns-server] [nio-5381-exec-4] com.npc2048.dns.service.DnsService       : Query successful: google.com TTL: 3600s
2025-12-22T22:16:22.767+08:00 DEBUG 27116 --- [dns-server] [onPool-worker-1] c.n.dns.service.DnsQueryRecordService    : ÂàõÂª∫DNSÊü•ËØ¢ËÆ∞ÂΩï: google.com
2025-12-22T22:16:22.768+08:00 DEBUG 27116 --- [dns-server] [nio-5381-exec-4] m.m.a.RequestResponseBodyMethodProcessor : Using 'application/json', given [*/*] and supported [application/json, application/*+json]
2025-12-22T22:16:22.769+08:00 DEBUG 27116 --- [dns-server] [nio-5381-exec-4] m.m.a.RequestResponseBodyMethodProcessor : Writing [{"code": 200, "msg": "ok", "data": DnsQueryResult(domain=google.com, ipAddresses=[8.7.198.46], ttl=3 (truncated)...]
2025-12-22T22:16:22.772+08:00 DEBUG 27116 --- [dns-server] [nio-5381-exec-4] o.s.web.servlet.DispatcherServlet        : Completed 200 OK
2025-12-22T22:16:22.844+08:00  INFO 27116 --- [dns-server] [onPool-worker-1] c.n.dns.service.DnsQueryRecordService    : ‰øùÂ≠òDNSÊü•ËØ¢ËÆ∞ÂΩïÊàêÂäüÔºåID: 1
2025-12-22T22:16:54.181+08:00 DEBUG 27116 --- [dns-server] [nio-5381-exec-6] o.s.web.servlet.DispatcherServlet        : GET "/api/dns-records?page=0&size=5", parameters={masked}
2025-12-22T22:16:54.181+08:00 DEBUG 27116 --- [dns-server] [nio-5381-exec-6] s.w.s.m.m.a.RequestMappingHandlerMapping : Mapped to com.npc2048.dns.controller.DnsQueryRecordController#getAllRecords(int, int)
2025-12-22T22:16:54.183+08:00  INFO 27116 --- [dns-server] [nio-5381-exec-6] c.n.d.c.DnsQueryRecordController         : Ëé∑ÂèñDNSÊü•ËØ¢ËÆ∞ÂΩïÂàóË°®: page=0, size=5
2025-12-22T22:16:54.184+08:00 DEBUG 27116 --- [dns-server] [nio-5381-exec-6] c.n.dns.service.DnsQueryRecordService    : Ëé∑ÂèñÊâÄÊúâDNSÊü•ËØ¢ËÆ∞ÂΩï
2025-12-22T22:16:54.254+08:00 DEBUG 27116 --- [dns-server] [nio-5381-exec-6] m.m.a.RequestResponseBodyMethodProcessor : Using 'application/json', given [*/*] and supported [application/json, application/*+json]
2025-12-22T22:16:54.254+08:00 DEBUG 27116 --- [dns-server] [nio-5381-exec-6] m.m.a.RequestResponseBodyMethodProcessor : Writing [{"code": 200, "msg": "ok", "data": {totalElements=1, totalPages=1, currentPage=0, pageSize=5, conten (truncated)...]
2025-12-22T22:16:54.260+08:00 DEBUG 27116 --- [dns-server] [nio-5381-exec-6] o.s.web.servlet.DispatcherServlet        : Completed 200 OK
2025-12-22T23:38:28.925+08:00 DEBUG 27116 --- [dns-server] [nio-5381-exec-7] o.s.web.servlet.DispatcherServlet        : GET "/api/dns-records/stats/cache-hit-rate", parameters={}
2025-12-22T23:38:28.926+08:00 DEBUG 27116 --- [dns-server] [nio-5381-exec-7] s.w.s.m.m.a.RequestMappingHandlerMapping : Mapped to com.npc2048.dns.controller.DnsQueryRecordController#getCacheHitRate()
2025-12-22T23:38:28.927+08:00  INFO 27116 --- [dns-server] [nio-5381-exec-7] c.n.d.c.DnsQueryRecordController         : ËÆ°ÁÆóÁºìÂ≠òÂëΩ‰∏≠Áéá
2025-12-22T23:38:28.927+08:00 DEBUG 27116 --- [dns-server] [nio-5381-exec-7] c.n.dns.service.DnsQueryRecordService    : ËÆ°ÁÆóÁºìÂ≠òÂëΩ‰∏≠Áéá
2025-12-22T23:38:28.958+08:00 DEBUG 27116 --- [dns-server] [nio-5381-exec-7] c.n.dns.service.DnsQueryRecordService    : ÁºìÂ≠òÂëΩ‰∏≠Áéá: 0/1 = 0.0%
2025-12-22T23:38:28.959+08:00 DEBUG 27116 --- [dns-server] [nio-5381-exec-7] m.m.a.RequestResponseBodyMethodProcessor : Using 'application/json', given [*/*] and supported [application/json, application/*+json]
2025-12-22T23:38:28.959+08:00 DEBUG 27116 --- [dns-server] [nio-5381-exec-7] m.m.a.RequestResponseBodyMethodProcessor : Writing [{"code": 200, "msg": "ok", "data": {description=0.00%, cacheHitRate=0.0}}]
2025-12-22T23:38:28.961+08:00 DEBUG 27116 --- [dns-server] [nio-5381-exec-7] o.s.web.servlet.DispatcherServlet        : Completed 200 OK
